<?xml version="1.0" encoding="UTF-8"?>
<!-- Generated by org.testng.reporters.JUnitReportReporter -->
<testsuite hostname="Bikram-PC" failures="0" tests="1" name="Travelsite.NaviBar" time="14.709" errors="0" timestamp="2020-06-02T13:15:58 IST" skipped="0">
  <testcase classname="Travelsite.NaviBar" name="NavigationBarTest" time="14.709"/>
  <system-out/>
</testsuite> <!-- Travelsite.NaviBar -->
