<?xml version="1.0" encoding="UTF-8"?>
<!-- Generated by org.testng.reporters.JUnitReportReporter -->
<testsuite hostname="Bikram-PC" failures="0" tests="1" name="Travelsite.FlightPage" time="22.973" errors="0" timestamp="2020-06-28T13:18:46 IST" skipped="0">
  <testcase classname="Travelsite.FlightPage" name="searchFlightFunctionalityTest" time="22.973"/>
  <system-out/>
</testsuite> <!-- Travelsite.FlightPage -->
