<?xml version="1.0" encoding="UTF-8"?>
<!-- Generated by org.testng.reporters.JUnitReportReporter -->
<testsuite hostname="Bikram-PC" failures="0" tests="2" name="cucumberoptions.TestRunner" time="79.712" errors="0" timestamp="2020-06-19T23:20:17 IST" skipped="0">
  <testcase classname="cucumberoptions.TestRunner" name="runScenario" time="50.520"/>
  <system-out/>
  <testcase classname="cucumberoptions.TestRunner" name="runScenario" time="29.192"/>
  <system-out/>
</testsuite> <!-- cucumberoptions.TestRunner -->
