<?xml version="1.0" encoding="UTF-8"?>
<!-- Generated by org.testng.reporters.JUnitReportReporter -->
<testsuite hostname="Bikram-PC" failures="0" tests="1" name="Travelsite.FlightPage" time="24.100" errors="0" timestamp="2020-06-28T09:39:08 IST" skipped="0">
  <testcase classname="Travelsite.FlightPage" name="searchFlightFunctionalityTest" time="24.100"/>
  <system-out/>
</testsuite> <!-- Travelsite.FlightPage -->
